# JRE version: Java(TM) SE Runtime Environment (8.0_161-b12) (build 1.8.0_161-b12)
# Java VM: Java HotSpot(TM) 64-Bit Server VM (25.161-b12 mixed mode windows-amd64 compressed oops)
Heap:
 PSYoungGen      total 628224K, used 322477K [0x00000006e9a00000, 0x0000000720f80000, 0x00000007c0000000)
  eden space 559616K, 57% used [0x00000006e9a00000,0x00000006fd4eb788,0x000000070bc80000)
  from space 68608K, 0% used [0x000000070bc80000,0x000000070bc80000,0x000000070ff80000)
  to   space 120320K, 0% used [0x0000000719a00000,0x0000000719a00000,0x0000000720f80000)
 ParOldGen       total 609792K, used 343300K [0x000000053ce00000, 0x0000000562180000, 0x00000006e9a00000)
  object space 609792K, 56% used [0x000000053ce00000,0x0000000551d41180,0x0000000562180000)
 Metaspace       used 47485K, capacity 48678K, committed 48768K, reserved 1091584K
  class space    used 5687K, capacity 6015K, committed 6016K, reserved 1048576K
GC Heap History (10 events):
Event: 39.420 GC heap before
{Heap before GC invocations=25 (full 8):
 PSYoungGen      total 525824K, used 488960K [0x00000006e9a00000, 0x000000070c180000, 0x00000007c0000000)
  eden space 488960K, 100% used [0x00000006e9a00000,0x0000000707780000,0x0000000707780000)
  from space 36864K, 0% used [0x0000000709d80000,0x0000000709d80000,0x000000070c180000)
  to   space 37888K, 0% used [0x0000000707780000,0x0000000707780000,0x0000000709c80000)
 ParOldGen       total 183808K, used 85421K [0x000000053ce00000, 0x0000000548180000, 0x00000006e9a00000)
  object space 183808K, 46% used [0x000000053ce00000,0x000000054216b428,0x0000000548180000)
 Metaspace       used 45187K, capacity 46264K, committed 46336K, reserved 1089536K
  class space    used 5557K, capacity 5849K, committed 5888K, reserved 1048576K
Event: 39.442 GC heap after
Heap after GC invocations=25 (full 8):
 PSYoungGen      total 526848K, used 10265K [0x00000006e9a00000, 0x0000000712280000, 0x00000007c0000000)
  eden space 488960K, 0% used [0x00000006e9a00000,0x00000006e9a00000,0x0000000707780000)
  from space 37888K, 27% used [0x0000000707780000,0x0000000708186718,0x0000000709c80000)
  to   space 35840K, 0% used [0x000000070ff80000,0x000000070ff80000,0x0000000712280000)
 ParOldGen       total 183808K, used 85493K [0x000000053ce00000, 0x0000000548180000, 0x00000006e9a00000)
  object space 183808K, 46% used [0x000000053ce00000,0x000000054217d438,0x0000000548180000)
 Metaspace       used 45187K, capacity 46264K, committed 46336K, reserved 1089536K
  class space    used 5557K, capacity 5849K, committed 5888K, reserved 1048576K
}
Event: 42.792 GC heap before
{Heap before GC invocations=26 (full 8):
 PSYoungGen      total 526848K, used 499225K [0x00000006e9a00000, 0x0000000712280000, 0x00000007c0000000)
  eden space 488960K, 100% used [0x00000006e9a00000,0x0000000707780000,0x0000000707780000)
  from space 37888K, 27% used [0x0000000707780000,0x0000000708186718,0x0000000709c80000)
  to   space 35840K, 0% used [0x000000070ff80000,0x000000070ff80000,0x0000000712280000)
 ParOldGen       total 183808K, used 85493K [0x000000053ce00000, 0x0000000548180000, 0x00000006e9a00000)
  object space 183808K, 46% used [0x000000053ce00000,0x000000054217d438,0x0000000548180000)
 Metaspace       used 45807K, capacity 46872K, committed 47104K, reserved 1091584K
  class space    used 5591K, capacity 5881K, committed 5888K, reserved 1048576K
Event: 42.923 GC heap after
Heap after GC invocations=26 (full 8):
 PSYoungGen      total 595456K, used 35816K [0x00000006e9a00000, 0x0000000717180000, 0x00000007c0000000)
  eden space 559616K, 0% used [0x00000006e9a00000,0x00000006e9a00000,0x000000070bc80000)
  from space 35840K, 99% used [0x000000070ff80000,0x000000071227a308,0x0000000712280000)
  to   space 68608K, 0% used [0x000000070bc80000,0x000000070bc80000,0x000000070ff80000)
 ParOldGen       total 183808K, used 157345K [0x000000053ce00000, 0x0000000548180000, 0x00000006e9a00000)
  object space 183808K, 85% used [0x000000053ce00000,0x00000005467a87d0,0x0000000548180000)
 Metaspace       used 45807K, capacity 46872K, committed 47104K, reserved 1091584K
  class space    used 5591K, capacity 5881K, committed 5888K, reserved 1048576K
}
Event: 42.923 GC heap before
{Heap before GC invocations=27 (full 9):
 PSYoungGen      total 595456K, used 35816K [0x00000006e9a00000, 0x0000000717180000, 0x00000007c0000000)
  eden space 559616K, 0% used [0x00000006e9a00000,0x00000006e9a00000,0x000000070bc80000)
  from space 35840K, 99% used [0x000000070ff80000,0x000000071227a308,0x0000000712280000)
  to   space 68608K, 0% used [0x000000070bc80000,0x000000070bc80000,0x000000070ff80000)
 ParOldGen       total 183808K, used 157345K [0x000000053ce00000, 0x0000000548180000, 0x00000006e9a00000)
  object space 183808K, 85% used [0x000000053ce00000,0x00000005467a87d0,0x0000000548180000)
 Metaspace       used 45807K, capacity 46872K, committed 47104K, reserved 1091584K
  class space    used 5591K, capacity 5881K, committed 5888K, reserved 1048576K
Event: 43.681 GC heap after
Heap after GC invocations=27 (full 9):
 PSYoungGen      total 595456K, used 0K [0x00000006e9a00000, 0x0000000717180000, 0x00000007c0000000)
  eden space 559616K, 0% used [0x00000006e9a00000,0x00000006e9a00000,0x000000070bc80000)
  from space 35840K, 0% used [0x000000070ff80000,0x000000070ff80000,0x0000000712280000)
  to   space 68608K, 0% used [0x000000070bc80000,0x000000070bc80000,0x000000070ff80000)
 ParOldGen       total 349696K, used 179833K [0x000000053ce00000, 0x0000000552380000, 0x00000006e9a00000)
  object space 349696K, 51% used [0x000000053ce00000,0x0000000547d9e400,0x0000000552380000)
 Metaspace       used 45100K, capacity 46070K, committed 47104K, reserved 1091584K
  class space    used 5480K, capacity 5741K, committed 5888K, reserved 1048576K
}
Event: 50.471 GC heap before
{Heap before GC invocations=28 (full 9):
 PSYoungGen      total 595456K, used 559616K [0x00000006e9a00000, 0x0000000717180000, 0x00000007c0000000)
  eden space 559616K, 100% used [0x00000006e9a00000,0x000000070bc80000,0x000000070bc80000)
  from space 35840K, 0% used [0x000000070ff80000,0x000000070ff80000,0x0000000712280000)
  to   space 68608K, 0% used [0x000000070bc80000,0x000000070bc80000,0x000000070ff80000)
 ParOldGen       total 349696K, used 179833K [0x000000053ce00000, 0x0000000552380000, 0x00000006e9a00000)
  object space 349696K, 51% used [0x000000053ce00000,0x0000000547d9e400,0x0000000552380000)
 Metaspace       used 45872K, capacity 46902K, committed 47104K, reserved 1091584K
  class space    used 5511K, capacity 5805K, committed 5888K, reserved 1048576K
Event: 50.678 GC heap after
Heap after GC invocations=28 (full 9):
 PSYoungGen      total 628224K, used 68604K [0x00000006e9a00000, 0x0000000720f80000, 0x00000007c0000000)
  eden space 559616K, 0% used [0x00000006e9a00000,0x00000006e9a00000,0x000000070bc80000)
  from space 68608K, 99% used [0x000000070bc80000,0x000000070ff7f148,0x000000070ff80000)
  to   space 120320K, 0% used [0x0000000719a00000,0x0000000719a00000,0x0000000720f80000)
 ParOldGen       total 349696K, used 286184K [0x000000053ce00000, 0x0000000552380000, 0x00000006e9a00000)
  object space 349696K, 81% used [0x000000053ce00000,0x000000054e57a340,0x0000000552380000)
 Metaspace       used 45872K, capacity 46902K, committed 47104K, reserved 1091584K
  class space    used 5511K, capacity 5805K, committed 5888K, reserved 1048576K
}
Event: 50.678 GC heap before
{Heap before GC invocations=29 (full 10):
 PSYoungGen      total 628224K, used 68604K [0x00000006e9a00000, 0x0000000720f80000, 0x00000007c0000000)
  eden space 559616K, 0% used [0x00000006e9a00000,0x00000006e9a00000,0x000000070bc80000)
  from space 68608K, 99% used [0x000000070bc80000,0x000000070ff7f148,0x000000070ff80000)
  to   space 120320K, 0% used [0x0000000719a00000,0x0000000719a00000,0x0000000720f80000)
 ParOldGen       total 349696K, used 286184K [0x000000053ce00000, 0x0000000552380000, 0x00000006e9a00000)
  object space 349696K, 81% used [0x000000053ce00000,0x000000054e57a340,0x0000000552380000)
 Metaspace       used 45872K, capacity 46902K, committed 47104K, reserved 1091584K
  class space    used 5511K, capacity 5805K, committed 5888K, reserved 1048576K
Event: 52.074 GC heap after
Heap after GC invocations=29 (full 10):
 PSYoungGen      total 628224K, used 0K [0x00000006e9a00000, 0x0000000720f80000, 0x00000007c0000000)
  eden space 559616K, 0% used [0x00000006e9a00000,0x00000006e9a00000,0x000000070bc80000)
  from space 68608K, 0% used [0x000000070bc80000,0x000000070bc80000,0x000000070ff80000)
  to   space 120320K, 0% used [0x0000000719a00000,0x0000000719a00000,0x0000000720f80000)
 ParOldGen       total 609792K, used 343300K [0x000000053ce00000, 0x0000000562180000, 0x00000006e9a00000)
  object space 609792K, 56% used [0x000000053ce00000,0x0000000551d41180,0x0000000562180000)
 Metaspace       used 45872K, capacity 46902K, committed 47104K, reserved 1091584K
  class space    used 5511K, capacity 5805K, committed 5888K, reserved 1048576K
}

