# JRE version: Java(TM) SE Runtime Environment (8.0_161-b12) (build 1.8.0_161-b12)
# Java VM: Java HotSpot(TM) 64-Bit Server VM (25.161-b12 mixed mode windows-amd64 compressed oops)
Heap:
 PSYoungGen      total 630272K, used 501911K [0x00000006eb300000, 0x000000071e880000, 0x00000007c0000000)
  eden space 433664K, 72% used [0x00000006eb300000,0x00000006fe78b2f8,0x0000000705a80000)
  from space 196608K, 94% used [0x0000000711f80000,0x000000071d51acc8,0x000000071df80000)
  to   space 201728K, 0% used [0x0000000705a80000,0x0000000705a80000,0x0000000711f80000)
 ParOldGen       total 823808K, used 558106K [0x0000000541800000, 0x0000000573c80000, 0x00000006eb300000)
  object space 823808K, 67% used [0x0000000541800000,0x0000000563906a58,0x0000000573c80000)
 Metaspace       used 50731K, capacity 51834K, committed 51840K, reserved 1095680K
  class space    used 5953K, capacity 6269K, committed 6272K, reserved 1048576K
GC Heap History (10 events):
Event: 254.971 GC heap before
{Heap before GC invocations=116 (full 14):
 PSYoungGen      total 613376K, used 460786K [0x00000006eb300000, 0x000000071df80000, 0x00000007c0000000)
  eden space 411136K, 100% used [0x00000006eb300000,0x0000000704480000,0x0000000704480000)
  from space 202240K, 24% used [0x0000000704480000,0x00000007074fc8d8,0x0000000710a00000)
  to   space 196608K, 0% used [0x0000000711f80000,0x0000000711f80000,0x000000071df80000)
 ParOldGen       total 823808K, used 558074K [0x0000000541800000, 0x0000000573c80000, 0x00000006eb300000)
  object space 823808K, 67% used [0x0000000541800000,0x00000005638fea58,0x0000000573c80000)
 Metaspace       used 48480K, capacity 49594K, committed 49664K, reserved 1093632K
  class space    used 5785K, capacity 6077K, committed 6144K, reserved 1048576K
Event: 255.122 GC heap after
Heap after GC invocations=116 (full 14):
 PSYoungGen      total 630272K, used 126242K [0x00000006eb300000, 0x000000071e880000, 0x00000007c0000000)
  eden space 433664K, 0% used [0x00000006eb300000,0x00000006eb300000,0x0000000705a80000)
  from space 196608K, 64% used [0x0000000711f80000,0x0000000719ac8ac0,0x000000071df80000)
  to   space 201728K, 0% used [0x0000000705a80000,0x0000000705a80000,0x0000000711f80000)
 ParOldGen       total 823808K, used 558074K [0x0000000541800000, 0x0000000573c80000, 0x00000006eb300000)
  object space 823808K, 67% used [0x0000000541800000,0x00000005638fea58,0x0000000573c80000)
 Metaspace       used 48480K, capacity 49594K, committed 49664K, reserved 1093632K
  class space    used 5785K, capacity 6077K, committed 6144K, reserved 1048576K
}
Event: 259.943 GC heap before
{Heap before GC invocations=117 (full 14):
 PSYoungGen      total 630272K, used 559906K [0x00000006eb300000, 0x000000071e880000, 0x00000007c0000000)
  eden space 433664K, 100% used [0x00000006eb300000,0x0000000705a80000,0x0000000705a80000)
  from space 196608K, 64% used [0x0000000711f80000,0x0000000719ac8ac0,0x000000071df80000)
  to   space 201728K, 0% used [0x0000000705a80000,0x0000000705a80000,0x0000000711f80000)
 ParOldGen       total 823808K, used 558074K [0x0000000541800000, 0x0000000573c80000, 0x00000006eb300000)
  object space 823808K, 67% used [0x0000000541800000,0x00000005638fea58,0x0000000573c80000)
 Metaspace       used 49651K, capacity 50810K, committed 51072K, reserved 1093632K
  class space    used 5878K, capacity 6205K, committed 6272K, reserved 1048576K
Event: 260.135 GC heap after
Heap after GC invocations=117 (full 14):
 PSYoungGen      total 635392K, used 161872K [0x00000006eb300000, 0x000000071e880000, 0x00000007c0000000)
  eden space 433664K, 0% used [0x00000006eb300000,0x00000006eb300000,0x0000000705a80000)
  from space 201728K, 80% used [0x0000000705a80000,0x000000070f894040,0x0000000711f80000)
  to   space 196608K, 0% used [0x0000000711f80000,0x0000000711f80000,0x000000071df80000)
 ParOldGen       total 823808K, used 558082K [0x0000000541800000, 0x0000000573c80000, 0x00000006eb300000)
  object space 823808K, 67% used [0x0000000541800000,0x0000000563900a58,0x0000000573c80000)
 Metaspace       used 49651K, capacity 50810K, committed 51072K, reserved 1093632K
  class space    used 5878K, capacity 6205K, committed 6272K, reserved 1048576K
}
Event: 265.075 GC heap before
{Heap before GC invocations=118 (full 14):
 PSYoungGen      total 635392K, used 595536K [0x00000006eb300000, 0x000000071e880000, 0x00000007c0000000)
  eden space 433664K, 100% used [0x00000006eb300000,0x0000000705a80000,0x0000000705a80000)
  from space 201728K, 80% used [0x0000000705a80000,0x000000070f894040,0x0000000711f80000)
  to   space 196608K, 0% used [0x0000000711f80000,0x0000000711f80000,0x000000071df80000)
 ParOldGen       total 823808K, used 558082K [0x0000000541800000, 0x0000000573c80000, 0x00000006eb300000)
  object space 823808K, 67% used [0x0000000541800000,0x0000000563900a58,0x0000000573c80000)
 Metaspace       used 49848K, capacity 51002K, committed 51072K, reserved 1093632K
  class space    used 5879K, capacity 6205K, committed 6272K, reserved 1048576K
Event: 265.268 GC heap after
Heap after GC invocations=118 (full 14):
 PSYoungGen      total 630272K, used 167871K [0x00000006eb300000, 0x000000071e880000, 0x00000007c0000000)
  eden space 433664K, 0% used [0x00000006eb300000,0x00000006eb300000,0x0000000705a80000)
  from space 196608K, 85% used [0x0000000711f80000,0x000000071c36fde0,0x000000071df80000)
  to   space 201728K, 0% used [0x0000000705a80000,0x0000000705a80000,0x0000000711f80000)
 ParOldGen       total 823808K, used 558090K [0x0000000541800000, 0x0000000573c80000, 0x00000006eb300000)
  object space 823808K, 67% used [0x0000000541800000,0x0000000563902a58,0x0000000573c80000)
 Metaspace       used 49848K, capacity 51002K, committed 51072K, reserved 1093632K
  class space    used 5879K, capacity 6205K, committed 6272K, reserved 1048576K
}
Event: 268.843 GC heap before
{Heap before GC invocations=119 (full 14):
 PSYoungGen      total 630272K, used 601535K [0x00000006eb300000, 0x000000071e880000, 0x00000007c0000000)
  eden space 433664K, 100% used [0x00000006eb300000,0x0000000705a80000,0x0000000705a80000)
  from space 196608K, 85% used [0x0000000711f80000,0x000000071c36fde0,0x000000071df80000)
  to   space 201728K, 0% used [0x0000000705a80000,0x0000000705a80000,0x0000000711f80000)
 ParOldGen       total 823808K, used 558090K [0x0000000541800000, 0x0000000573c80000, 0x00000006eb300000)
  object space 823808K, 67% used [0x0000000541800000,0x0000000563902a58,0x0000000573c80000)
 Metaspace       used 49912K, capacity 51066K, committed 51328K, reserved 1093632K
  class space    used 5879K, capacity 6205K, committed 6272K, reserved 1048576K
Event: 269.028 GC heap after
Heap after GC invocations=119 (full 14):
 PSYoungGen      total 635392K, used 175354K [0x00000006eb300000, 0x000000071e880000, 0x00000007c0000000)
  eden space 433664K, 0% used [0x00000006eb300000,0x00000006eb300000,0x0000000705a80000)
  from space 201728K, 86% used [0x0000000705a80000,0x00000007105beaa0,0x0000000711f80000)
  to   space 196608K, 0% used [0x0000000711f80000,0x0000000711f80000,0x000000071df80000)
 ParOldGen       total 823808K, used 558098K [0x0000000541800000, 0x0000000573c80000, 0x00000006eb300000)
  object space 823808K, 67% used [0x0000000541800000,0x0000000563904a58,0x0000000573c80000)
 Metaspace       used 49912K, capacity 51066K, committed 51328K, reserved 1093632K
  class space    used 5879K, capacity 6205K, committed 6272K, reserved 1048576K
}
Event: 275.430 GC heap before
{Heap before GC invocations=120 (full 14):
 PSYoungGen      total 635392K, used 609018K [0x00000006eb300000, 0x000000071e880000, 0x00000007c0000000)
  eden space 433664K, 100% used [0x00000006eb300000,0x0000000705a80000,0x0000000705a80000)
  from space 201728K, 86% used [0x0000000705a80000,0x00000007105beaa0,0x0000000711f80000)
  to   space 196608K, 0% used [0x0000000711f80000,0x0000000711f80000,0x000000071df80000)
 ParOldGen       total 823808K, used 558098K [0x0000000541800000, 0x0000000573c80000, 0x00000006eb300000)
  object space 823808K, 67% used [0x0000000541800000,0x0000000563904a58,0x0000000573c80000)
 Metaspace       used 50688K, capacity 51834K, committed 51840K, reserved 1095680K
  class space    used 5951K, capacity 6269K, committed 6272K, reserved 1048576K
Event: 275.670 GC heap after
Heap after GC invocations=120 (full 14):
 PSYoungGen      total 630272K, used 185963K [0x00000006eb300000, 0x000000071e880000, 0x00000007c0000000)
  eden space 433664K, 0% used [0x00000006eb300000,0x00000006eb300000,0x0000000705a80000)
  from space 196608K, 94% used [0x0000000711f80000,0x000000071d51acc8,0x000000071df80000)
  to   space 201728K, 0% used [0x0000000705a80000,0x0000000705a80000,0x0000000711f80000)
 ParOldGen       total 823808K, used 558106K [0x0000000541800000, 0x0000000573c80000, 0x00000006eb300000)
  object space 823808K, 67% used [0x0000000541800000,0x0000000563906a58,0x0000000573c80000)
 Metaspace       used 50688K, capacity 51834K, committed 51840K, reserved 1095680K
  class space    used 5951K, capacity 6269K, committed 6272K, reserved 1048576K
}

