# JRE version: Java(TM) SE Runtime Environment (8.0_161-b12) (build 1.8.0_161-b12)
# Java VM: Java HotSpot(TM) 64-Bit Server VM (25.161-b12 mixed mode windows-amd64 compressed oops)
Heap:
 PSYoungGen      total 588800K, used 404594K [0x0000000717580000, 0x0000000748180000, 0x00000007c0000000)
  eden space 400384K, 53% used [0x0000000717580000,0x00000007248a2398,0x000000072fc80000)
  from space 188416K, 99% used [0x000000073c980000,0x000000074817a4d0,0x0000000748180000)
  to   space 199168K, 0% used [0x000000072fc80000,0x000000072fc80000,0x000000073bf00000)
 ParOldGen       total 943616K, used 546110K [0x00000005c6000000, 0x00000005ff980000, 0x0000000717580000)
  object space 943616K, 57% used [0x00000005c6000000,0x00000005e754f940,0x00000005ff980000)
 Metaspace       used 53044K, capacity 54390K, committed 54656K, reserved 1097728K
  class space    used 6302K, capacity 6663K, committed 6784K, reserved 1048576K
GC Heap History (10 events):
Event: 240.507 GC heap before
{Heap before GC invocations=76 (full 14):
 PSYoungGen      total 557568K, used 457320K [0x0000000717580000, 0x0000000744f80000, 0x00000007c0000000)
  eden space 376832K, 100% used [0x0000000717580000,0x000000072e580000,0x000000072e580000)
  from space 180736K, 44% used [0x000000072e580000,0x000000073341a158,0x0000000739600000)
  to   space 171520K, 0% used [0x000000073a800000,0x000000073a800000,0x0000000744f80000)
 ParOldGen       total 943616K, used 514691K [0x00000005c6000000, 0x00000005ff980000, 0x0000000717580000)
  object space 943616K, 54% used [0x00000005c6000000,0x00000005e56a0c58,0x00000005ff980000)
 Metaspace       used 51690K, capacity 52982K, committed 53248K, reserved 1095680K
  class space    used 6203K, capacity 6535K, committed 6656K, reserved 1048576K
Event: 240.716 GC heap after
Heap after GC invocations=76 (full 14):
 PSYoungGen      total 544768K, used 171515K [0x0000000717580000, 0x0000000749000000, 0x00000007c0000000)
  eden space 373248K, 0% used [0x0000000717580000,0x0000000717580000,0x000000072e200000)
  from space 171520K, 99% used [0x000000073a800000,0x0000000744f7ede8,0x0000000744f80000)
  to   space 202752K, 0% used [0x000000072e200000,0x000000072e200000,0x000000073a800000)
 ParOldGen       total 943616K, used 528901K [0x00000005c6000000, 0x00000005ff980000, 0x0000000717580000)
  object space 943616K, 56% used [0x00000005c6000000,0x00000005e64816e8,0x00000005ff980000)
 Metaspace       used 51690K, capacity 52982K, committed 53248K, reserved 1095680K
  class space    used 6203K, capacity 6535K, committed 6656K, reserved 1048576K
}
Event: 242.104 GC heap before
{Heap before GC invocations=77 (full 14):
 PSYoungGen      total 544768K, used 544763K [0x0000000717580000, 0x0000000749000000, 0x00000007c0000000)
  eden space 373248K, 100% used [0x0000000717580000,0x000000072e200000,0x000000072e200000)
  from space 171520K, 99% used [0x000000073a800000,0x0000000744f7ede8,0x0000000744f80000)
  to   space 202752K, 0% used [0x000000072e200000,0x000000072e200000,0x000000073a800000)
 ParOldGen       total 943616K, used 528901K [0x00000005c6000000, 0x00000005ff980000, 0x0000000717580000)
  object space 943616K, 56% used [0x00000005c6000000,0x00000005e64816e8,0x00000005ff980000)
 Metaspace       used 51691K, capacity 52982K, committed 53248K, reserved 1095680K
  class space    used 6203K, capacity 6535K, committed 6656K, reserved 1048576K
Event: 242.269 GC heap after
Heap after GC invocations=77 (full 14):
 PSYoungGen      total 576000K, used 131150K [0x0000000717580000, 0x0000000749400000, 0x00000007c0000000)
  eden space 373248K, 0% used [0x0000000717580000,0x0000000717580000,0x000000072e200000)
  from space 202752K, 64% used [0x000000072e200000,0x0000000736213948,0x000000073a800000)
  to   space 207360K, 0% used [0x000000073c980000,0x000000073c980000,0x0000000749400000)
 ParOldGen       total 943616K, used 529481K [0x00000005c6000000, 0x00000005ff980000, 0x0000000717580000)
  object space 943616K, 56% used [0x00000005c6000000,0x00000005e6512798,0x00000005ff980000)
 Metaspace       used 51691K, capacity 52982K, committed 53248K, reserved 1095680K
  class space    used 6203K, capacity 6535K, committed 6656K, reserved 1048576K
}
Event: 244.300 GC heap before
{Heap before GC invocations=78 (full 14):
 PSYoungGen      total 576000K, used 504398K [0x0000000717580000, 0x0000000749400000, 0x00000007c0000000)
  eden space 373248K, 100% used [0x0000000717580000,0x000000072e200000,0x000000072e200000)
  from space 202752K, 64% used [0x000000072e200000,0x0000000736213948,0x000000073a800000)
  to   space 207360K, 0% used [0x000000073c980000,0x000000073c980000,0x0000000749400000)
 ParOldGen       total 943616K, used 529481K [0x00000005c6000000, 0x00000005ff980000, 0x0000000717580000)
  object space 943616K, 56% used [0x00000005c6000000,0x00000005e6512798,0x00000005ff980000)
 Metaspace       used 51694K, capacity 52982K, committed 53248K, reserved 1095680K
  class space    used 6203K, capacity 6535K, committed 6656K, reserved 1048576K
Event: 244.382 GC heap after
Heap after GC invocations=78 (full 14):
 PSYoungGen      total 588800K, used 71647K [0x0000000717580000, 0x0000000748180000, 0x00000007c0000000)
  eden space 400384K, 0% used [0x0000000717580000,0x0000000717580000,0x000000072fc80000)
  from space 188416K, 38% used [0x000000073c980000,0x0000000740f77f10,0x0000000748180000)
  to   space 199168K, 0% used [0x000000072fc80000,0x000000072fc80000,0x000000073bf00000)
 ParOldGen       total 943616K, used 529481K [0x00000005c6000000, 0x00000005ff980000, 0x0000000717580000)
  object space 943616K, 56% used [0x00000005c6000000,0x00000005e6512798,0x00000005ff980000)
 Metaspace       used 51694K, capacity 52982K, committed 53248K, reserved 1095680K
  class space    used 6203K, capacity 6535K, committed 6656K, reserved 1048576K
}
Event: 248.946 GC heap before
{Heap before GC invocations=79 (full 14):
 PSYoungGen      total 588800K, used 472031K [0x0000000717580000, 0x0000000748180000, 0x00000007c0000000)
  eden space 400384K, 100% used [0x0000000717580000,0x000000072fc80000,0x000000072fc80000)
  from space 188416K, 38% used [0x000000073c980000,0x0000000740f77f10,0x0000000748180000)
  to   space 199168K, 0% used [0x000000072fc80000,0x000000072fc80000,0x000000073bf00000)
 ParOldGen       total 943616K, used 529481K [0x00000005c6000000, 0x00000005ff980000, 0x0000000717580000)
  object space 943616K, 56% used [0x00000005c6000000,0x00000005e6512798,0x00000005ff980000)
 Metaspace       used 51793K, capacity 53046K, committed 53248K, reserved 1095680K
  class space    used 6209K, capacity 6535K, committed 6656K, reserved 1048576K
Event: 249.099 GC heap after
Heap after GC invocations=79 (full 14):
 PSYoungGen      total 599552K, used 145404K [0x0000000717580000, 0x0000000748180000, 0x00000007c0000000)
  eden space 400384K, 0% used [0x0000000717580000,0x0000000717580000,0x000000072fc80000)
  from space 199168K, 73% used [0x000000072fc80000,0x0000000738a7f0c8,0x000000073bf00000)
  to   space 188416K, 0% used [0x000000073c980000,0x000000073c980000,0x0000000748180000)
 ParOldGen       total 943616K, used 529481K [0x00000005c6000000, 0x00000005ff980000, 0x0000000717580000)
  object space 943616K, 56% used [0x00000005c6000000,0x00000005e6512798,0x00000005ff980000)
 Metaspace       used 51793K, capacity 53046K, committed 53248K, reserved 1095680K
  class space    used 6209K, capacity 6535K, committed 6656K, reserved 1048576K
}
Event: 255.531 GC heap before
{Heap before GC invocations=80 (full 14):
 PSYoungGen      total 599552K, used 545788K [0x0000000717580000, 0x0000000748180000, 0x00000007c0000000)
  eden space 400384K, 100% used [0x0000000717580000,0x000000072fc80000,0x000000072fc80000)
  from space 199168K, 73% used [0x000000072fc80000,0x0000000738a7f0c8,0x000000073bf00000)
  to   space 188416K, 0% used [0x000000073c980000,0x000000073c980000,0x0000000748180000)
 ParOldGen       total 943616K, used 529481K [0x00000005c6000000, 0x00000005ff980000, 0x0000000717580000)
  object space 943616K, 56% used [0x00000005c6000000,0x00000005e6512798,0x00000005ff980000)
 Metaspace       used 52914K, capacity 54262K, committed 54400K, reserved 1097728K
  class space    used 6302K, capacity 6663K, committed 6784K, reserved 1048576K
Event: 255.833 GC heap after
Heap after GC invocations=80 (full 14):
 PSYoungGen      total 588800K, used 188393K [0x0000000717580000, 0x0000000748180000, 0x00000007c0000000)
  eden space 400384K, 0% used [0x0000000717580000,0x0000000717580000,0x000000072fc80000)
  from space 188416K, 99% used [0x000000073c980000,0x000000074817a4d0,0x0000000748180000)
  to   space 199168K, 0% used [0x000000072fc80000,0x000000072fc80000,0x000000073bf00000)
 ParOldGen       total 943616K, used 546110K [0x00000005c6000000, 0x00000005ff980000, 0x0000000717580000)
  object space 943616K, 57% used [0x00000005c6000000,0x00000005e754f940,0x00000005ff980000)
 Metaspace       used 52914K, capacity 54262K, committed 54400K, reserved 1097728K
  class space    used 6302K, capacity 6663K, committed 6784K, reserved 1048576K
}

